# JRE version: OpenJDK Runtime Environment GraalVM CE 22.3.0 (17.0.5+8) (build 17.0.5+8-jvmci-22.3-b08)
# Java VM: OpenJDK 64-Bit Server VM GraalVM CE 22.3.0 (17.0.5+8-jvmci-22.3-b08, mixed mode, sharing, tiered, jvmci, jvmci compiler, compressed oops, compressed class ptrs, parallel gc, linux-amd64)
GC Precious Log:
 CPUs: 8 total, 1 available
 Memory: 1024M
 Large Page Support: Disabled
 NUMA Support: Disabled
 Compressed Oops: Enabled (32-bit)
 Alignments: Space 512K, Generation 512K, Heap 2M
 Heap Min Capacity: 100M
 Heap Initial Capacity: 100M
 Heap Max Capacity: 512M
 Pre-touch: Disabled
 Parallel Workers: 1
Heap:
 PSYoungGen      total 51200K, used 36863K [0x00000000f5580000, 0x00000000f9700000, 0x0000000100000000)
  eden space 36864K, 99% used [0x00000000f5580000,0x00000000f797fff8,0x00000000f7980000)
  from space 14336K, 0% used [0x00000000f7980000,0x00000000f7980000,0x00000000f8780000)
  to   space 11776K, 0% used [0x00000000f8780000,0x00000000f8780000,0x00000000f9300000)
 ParOldGen       total 349696K, used 349694K [0x00000000e0000000, 0x00000000f5580000, 0x00000000f5580000)
  object space 349696K, 99% used [0x00000000e0000000,0x00000000f557faa0,0x00000000f5580000)
 Metaspace       used 60280K, committed 61312K, reserved 1105920K
  class space    used 5966K, committed 6336K, reserved 1048576K
GC Heap History (20 events):
Event: 739.190 GC heap before
{Heap before GC invocations=621 (full 528):
 PSYoungGen      total 51200K, used 36863K [0x00000000f5580000, 0x00000000f9700000, 0x0000000100000000)
  eden space 36864K, 99% used [0x00000000f5580000,0x00000000f797fff8,0x00000000f7980000)
  from space 14336K, 0% used [0x00000000f7980000,0x00000000f7980000,0x00000000f8780000)
  to   space 11776K, 0% used [0x00000000f8780000,0x00000000f8780000,0x00000000f9300000)
 ParOldGen       total 349696K, used 349695K [0x00000000e0000000, 0x00000000f5580000, 0x00000000f5580000)
  object space 349696K, 99% used [0x00000000e0000000,0x00000000f557fff0,0x00000000f5580000)
 Metaspace       used 60280K, committed 61312K, reserved 1105920K
  class space    used 5966K, committed 6336K, reserved 1048576K
}
Event: 740.380 GC heap after
{Heap after GC invocations=621 (full 528):
 PSYoungGen      total 48640K, used 36863K [0x00000000f5580000, 0x00000000f9700000, 0x0000000100000000)
  eden space 36864K, 99% used [0x00000000f5580000,0x00000000f797fff8,0x00000000f7980000)
  from space 11776K, 0% used [0x00000000f8780000,0x00000000f8780000,0x00000000f9300000)
  to   space 14336K, 0% used [0x00000000f7980000,0x00000000f7980000,0x00000000f8780000)
 ParOldGen       total 349696K, used 349695K [0x00000000e0000000, 0x00000000f5580000, 0x00000000f5580000)
  object space 349696K, 99% used [0x00000000e0000000,0x00000000f557fff0,0x00000000f5580000)
 Metaspace       used 60280K, committed 61312K, reserved 1105920K
  class space    used 5966K, committed 6336K, reserved 1048576K
}
Event: 740.380 GC heap before
{Heap before GC invocations=622 (full 529):
 PSYoungGen      total 48640K, used 36863K [0x00000000f5580000, 0x00000000f9700000, 0x0000000100000000)
  eden space 36864K, 99% used [0x00000000f5580000,0x00000000f797fff8,0x00000000f7980000)
  from space 11776K, 0% used [0x00000000f8780000,0x00000000f8780000,0x00000000f9300000)
  to   space 14336K, 0% used [0x00000000f7980000,0x00000000f7980000,0x00000000f8780000)
 ParOldGen       total 349696K, used 349695K [0x00000000e0000000, 0x00000000f5580000, 0x00000000f5580000)
  object space 349696K, 99% used [0x00000000e0000000,0x00000000f557fff0,0x00000000f5580000)
 Metaspace       used 60280K, committed 61312K, reserved 1105920K
  class space    used 5966K, committed 6336K, reserved 1048576K
}
Event: 741.651 GC heap after
{Heap after GC invocations=622 (full 529):
 PSYoungGen      total 51200K, used 36863K [0x00000000f5580000, 0x00000000f9700000, 0x0000000100000000)
  eden space 36864K, 99% used [0x00000000f5580000,0x00000000f797fff8,0x00000000f7980000)
  from space 14336K, 0% used [0x00000000f7980000,0x00000000f7980000,0x00000000f8780000)
  to   space 11776K, 0% used [0x00000000f8780000,0x00000000f8780000,0x00000000f9300000)
 ParOldGen       total 349696K, used 349695K [0x00000000e0000000, 0x00000000f5580000, 0x00000000f5580000)
  object space 349696K, 99% used [0x00000000e0000000,0x00000000f557fff0,0x00000000f5580000)
 Metaspace       used 60280K, committed 61312K, reserved 1105920K
  class space    used 5966K, committed 6336K, reserved 1048576K
}
Event: 741.653 GC heap before
{Heap before GC invocations=623 (full 530):
 PSYoungGen      total 51200K, used 36863K [0x00000000f5580000, 0x00000000f9700000, 0x0000000100000000)
  eden space 36864K, 99% used [0x00000000f5580000,0x00000000f797fff8,0x00000000f7980000)
  from space 14336K, 0% used [0x00000000f7980000,0x00000000f7980000,0x00000000f8780000)
  to   space 11776K, 0% used [0x00000000f8780000,0x00000000f8780000,0x00000000f9300000)
 ParOldGen       total 349696K, used 349695K [0x00000000e0000000, 0x00000000f5580000, 0x00000000f5580000)
  object space 349696K, 99% used [0x00000000e0000000,0x00000000f557fff0,0x00000000f5580000)
 Metaspace       used 60280K, committed 61312K, reserved 1105920K
  class space    used 5966K, committed 6336K, reserved 1048576K
}
Event: 743.087 GC heap after
{Heap after GC invocations=623 (full 530):
 PSYoungGen      total 48640K, used 36863K [0x00000000f5580000, 0x00000000f9700000, 0x0000000100000000)
  eden space 36864K, 99% used [0x00000000f5580000,0x00000000f797ffd8,0x00000000f7980000)
  from space 11776K, 0% used [0x00000000f8780000,0x00000000f8780000,0x00000000f9300000)
  to   space 14336K, 0% used [0x00000000f7980000,0x00000000f7980000,0x00000000f8780000)
 ParOldGen       total 349696K, used 349693K [0x00000000e0000000, 0x00000000f5580000, 0x00000000f5580000)
  object space 349696K, 99% used [0x00000000e0000000,0x00000000f557f7f8,0x00000000f5580000)
 Metaspace       used 60280K, committed 61312K, reserved 1105920K
  class space    used 5966K, committed 6336K, reserved 1048576K
}
Event: 743.087 GC heap before
{Heap before GC invocations=624 (full 531):
 PSYoungGen      total 48640K, used 36863K [0x00000000f5580000, 0x00000000f9700000, 0x0000000100000000)
  eden space 36864K, 99% used [0x00000000f5580000,0x00000000f797fff0,0x00000000f7980000)
  from space 11776K, 0% used [0x00000000f8780000,0x00000000f8780000,0x00000000f9300000)
  to   space 14336K, 0% used [0x00000000f7980000,0x00000000f7980000,0x00000000f8780000)
 ParOldGen       total 349696K, used 349693K [0x00000000e0000000, 0x00000000f5580000, 0x00000000f5580000)
  object space 349696K, 99% used [0x00000000e0000000,0x00000000f557f7f8,0x00000000f5580000)
 Metaspace       used 60280K, committed 61312K, reserved 1105920K
  class space    used 5966K, committed 6336K, reserved 1048576K
}
Event: 744.298 GC heap after
{Heap after GC invocations=624 (full 531):
 PSYoungGen      total 51200K, used 36863K [0x00000000f5580000, 0x00000000f9700000, 0x0000000100000000)
  eden space 36864K, 99% used [0x00000000f5580000,0x00000000f797fff0,0x00000000f7980000)
  from space 14336K, 0% used [0x00000000f7980000,0x00000000f7980000,0x00000000f8780000)
  to   space 11776K, 0% used [0x00000000f8780000,0x00000000f8780000,0x00000000f9300000)
 ParOldGen       total 349696K, used 349693K [0x00000000e0000000, 0x00000000f5580000, 0x00000000f5580000)
  object space 349696K, 99% used [0x00000000e0000000,0x00000000f557f7f8,0x00000000f5580000)
 Metaspace       used 60280K, committed 61312K, reserved 1105920K
  class space    used 5966K, committed 6336K, reserved 1048576K
}
Event: 744.298 GC heap before
{Heap before GC invocations=625 (full 532):
 PSYoungGen      total 51200K, used 36864K [0x00000000f5580000, 0x00000000f9700000, 0x0000000100000000)
  eden space 36864K, 100% used [0x00000000f5580000,0x00000000f7980000,0x00000000f7980000)
  from space 14336K, 0% used [0x00000000f7980000,0x00000000f7980000,0x00000000f8780000)
  to   space 11776K, 0% used [0x00000000f8780000,0x00000000f8780000,0x00000000f9300000)
 ParOldGen       total 349696K, used 349695K [0x00000000e0000000, 0x00000000f5580000, 0x00000000f5580000)
  object space 349696K, 99% used [0x00000000e0000000,0x00000000f557ffd8,0x00000000f5580000)
 Metaspace       used 60280K, committed 61312K, reserved 1105920K
  class space    used 5966K, committed 6336K, reserved 1048576K
}
Event: 745.476 GC heap after
{Heap after GC invocations=625 (full 532):
 PSYoungGen      total 48640K, used 36863K [0x00000000f5580000, 0x00000000f9700000, 0x0000000100000000)
  eden space 36864K, 99% used [0x00000000f5580000,0x00000000f797ffe8,0x00000000f7980000)
  from space 11776K, 0% used [0x00000000f8780000,0x00000000f8780000,0x00000000f9300000)
  to   space 14336K, 0% used [0x00000000f7980000,0x00000000f7980000,0x00000000f8780000)
 ParOldGen       total 349696K, used 349694K [0x00000000e0000000, 0x00000000f5580000, 0x00000000f5580000)
  object space 349696K, 99% used [0x00000000e0000000,0x00000000f557fae8,0x00000000f5580000)
 Metaspace       used 60280K, committed 61312K, reserved 1105920K
  class space    used 5966K, committed 6336K, reserved 1048576K
}
Event: 745.480 GC heap before
{Heap before GC invocations=626 (full 533):
 PSYoungGen      total 48640K, used 36864K [0x00000000f5580000, 0x00000000f9700000, 0x0000000100000000)
  eden space 36864K, 100% used [0x00000000f5580000,0x00000000f7980000,0x00000000f7980000)
  from space 11776K, 0% used [0x00000000f8780000,0x00000000f8780000,0x00000000f9300000)
  to   space 14336K, 0% used [0x00000000f7980000,0x00000000f7980000,0x00000000f8780000)
 ParOldGen       total 349696K, used 349695K [0x00000000e0000000, 0x00000000f5580000, 0x00000000f5580000)
  object space 349696K, 99% used [0x00000000e0000000,0x00000000f557fca0,0x00000000f5580000)
 Metaspace       used 60280K, committed 61312K, reserved 1105920K
  class space    used 5966K, committed 6336K, reserved 1048576K
}
Event: 746.627 GC heap after
{Heap after GC invocations=626 (full 533):
 PSYoungGen      total 51200K, used 36864K [0x00000000f5580000, 0x00000000f9700000, 0x0000000100000000)
  eden space 36864K, 100% used [0x00000000f5580000,0x00000000f7980000,0x00000000f7980000)
  from space 14336K, 0% used [0x00000000f7980000,0x00000000f7980000,0x00000000f8780000)
  to   space 11776K, 0% used [0x00000000f8780000,0x00000000f8780000,0x00000000f9300000)
 ParOldGen       total 349696K, used 349694K [0x00000000e0000000, 0x00000000f5580000, 0x00000000f5580000)
  object space 349696K, 99% used [0x00000000e0000000,0x00000000f557fba0,0x00000000f5580000)
 Metaspace       used 60280K, committed 61312K, reserved 1105920K
  class space    used 5966K, committed 6336K, reserved 1048576K
}
Event: 746.627 GC heap before
{Heap before GC invocations=627 (full 534):
 PSYoungGen      total 51200K, used 36864K [0x00000000f5580000, 0x00000000f9700000, 0x0000000100000000)
  eden space 36864K, 100% used [0x00000000f5580000,0x00000000f7980000,0x00000000f7980000)
  from space 14336K, 0% used [0x00000000f7980000,0x00000000f7980000,0x00000000f8780000)
  to   space 11776K, 0% used [0x00000000f8780000,0x00000000f8780000,0x00000000f9300000)
 ParOldGen       total 349696K, used 349695K [0x00000000e0000000, 0x00000000f5580000, 0x00000000f5580000)
  object space 349696K, 99% used [0x00000000e0000000,0x00000000f557ff30,0x00000000f5580000)
 Metaspace       used 60280K, committed 61312K, reserved 1105920K
  class space    used 5966K, committed 6336K, reserved 1048576K
}
Event: 747.829 GC heap after
{Heap after GC invocations=627 (full 534):
 PSYoungGen      total 48640K, used 36864K [0x00000000f5580000, 0x00000000f9700000, 0x0000000100000000)
  eden space 36864K, 100% used [0x00000000f5580000,0x00000000f7980000,0x00000000f7980000)
  from space 11776K, 0% used [0x00000000f8780000,0x00000000f8780000,0x00000000f9300000)
  to   space 14336K, 0% used [0x00000000f7980000,0x00000000f7980000,0x00000000f8780000)
 ParOldGen       total 349696K, used 349695K [0x00000000e0000000, 0x00000000f5580000, 0x00000000f5580000)
  object space 349696K, 99% used [0x00000000e0000000,0x00000000f557fc20,0x00000000f5580000)
 Metaspace       used 60280K, committed 61312K, reserved 1105920K
  class space    used 5966K, committed 6336K, reserved 1048576K
}
Event: 747.829 GC heap before
{Heap before GC invocations=628 (full 535):
 PSYoungGen      total 48640K, used 36864K [0x00000000f5580000, 0x00000000f9700000, 0x0000000100000000)
  eden space 36864K, 100% used [0x00000000f5580000,0x00000000f7980000,0x00000000f7980000)
  from space 11776K, 0% used [0x00000000f8780000,0x00000000f8780000,0x00000000f9300000)
  to   space 14336K, 0% used [0x00000000f7980000,0x00000000f7980000,0x00000000f8780000)
 ParOldGen       total 349696K, used 349695K [0x00000000e0000000, 0x00000000f5580000, 0x00000000f5580000)
  object space 349696K, 99% used [0x00000000e0000000,0x00000000f557fc20,0x00000000f5580000)
 Metaspace       used 60280K, committed 61312K, reserved 1105920K
  class space    used 5966K, committed 6336K, reserved 1048576K
}
Event: 748.980 GC heap after
{Heap after GC invocations=628 (full 535):
 PSYoungGen      total 51200K, used 36864K [0x00000000f5580000, 0x00000000f9700000, 0x0000000100000000)
  eden space 36864K, 100% used [0x00000000f5580000,0x00000000f7980000,0x00000000f7980000)
  from space 14336K, 0% used [0x00000000f7980000,0x00000000f7980000,0x00000000f8780000)
  to   space 11776K, 0% used [0x00000000f8780000,0x00000000f8780000,0x00000000f9300000)
 ParOldGen       total 349696K, used 349695K [0x00000000e0000000, 0x00000000f5580000, 0x00000000f5580000)
  object space 349696K, 99% used [0x00000000e0000000,0x00000000f557fc20,0x00000000f5580000)
 Metaspace       used 60280K, committed 61312K, reserved 1105920K
  class space    used 5966K, committed 6336K, reserved 1048576K
}
Event: 748.981 GC heap before
{Heap before GC invocations=629 (full 536):
 PSYoungGen      total 51200K, used 36864K [0x00000000f5580000, 0x00000000f9700000, 0x0000000100000000)
  eden space 36864K, 100% used [0x00000000f5580000,0x00000000f7980000,0x00000000f7980000)
  from space 14336K, 0% used [0x00000000f7980000,0x00000000f7980000,0x00000000f8780000)
  to   space 11776K, 0% used [0x00000000f8780000,0x00000000f8780000,0x00000000f9300000)
 ParOldGen       total 349696K, used 349695K [0x00000000e0000000, 0x00000000f5580000, 0x00000000f5580000)
  object space 349696K, 99% used [0x00000000e0000000,0x00000000f557fc98,0x00000000f5580000)
 Metaspace       used 60280K, committed 61312K, reserved 1105920K
  class space    used 5966K, committed 6336K, reserved 1048576K
}
Event: 750.340 GC heap after
{Heap after GC invocations=629 (full 536):
 PSYoungGen      total 48640K, used 36863K [0x00000000f5580000, 0x00000000f9700000, 0x0000000100000000)
  eden space 36864K, 99% used [0x00000000f5580000,0x00000000f797ffe0,0x00000000f7980000)
  from space 11776K, 0% used [0x00000000f8780000,0x00000000f8780000,0x00000000f9300000)
  to   space 14336K, 0% used [0x00000000f7980000,0x00000000f7980000,0x00000000f8780000)
 ParOldGen       total 349696K, used 349694K [0x00000000e0000000, 0x00000000f5580000, 0x00000000f5580000)
  object space 349696K, 99% used [0x00000000e0000000,0x00000000f557f9c8,0x00000000f5580000)
 Metaspace       used 60280K, committed 61312K, reserved 1105920K
  class space    used 5966K, committed 6336K, reserved 1048576K
}
Event: 750.340 GC heap before
{Heap before GC invocations=630 (full 537):
 PSYoungGen      total 48640K, used 36863K [0x00000000f5580000, 0x00000000f9700000, 0x0000000100000000)
  eden space 36864K, 99% used [0x00000000f5580000,0x00000000f797ffe0,0x00000000f7980000)
  from space 11776K, 0% used [0x00000000f8780000,0x00000000f8780000,0x00000000f9300000)
  to   space 14336K, 0% used [0x00000000f7980000,0x00000000f7980000,0x00000000f8780000)
 ParOldGen       total 349696K, used 349694K [0x00000000e0000000, 0x00000000f5580000, 0x00000000f5580000)
  object space 349696K, 99% used [0x00000000e0000000,0x00000000f557f9c8,0x00000000f5580000)
 Metaspace       used 60280K, committed 61312K, reserved 1105920K
  class space    used 5966K, committed 6336K, reserved 1048576K
}
Event: 751.535 GC heap after
{Heap after GC invocations=630 (full 537):
 PSYoungGen      total 51200K, used 36863K [0x00000000f5580000, 0x00000000f9700000, 0x0000000100000000)
  eden space 36864K, 99% used [0x00000000f5580000,0x00000000f797ffe0,0x00000000f7980000)
  from space 14336K, 0% used [0x00000000f7980000,0x00000000f7980000,0x00000000f8780000)
  to   space 11776K, 0% used [0x00000000f8780000,0x00000000f8780000,0x00000000f9300000)
 ParOldGen       total 349696K, used 349694K [0x00000000e0000000, 0x00000000f5580000, 0x00000000f5580000)
  object space 349696K, 99% used [0x00000000e0000000,0x00000000f557f9c8,0x00000000f5580000)
 Metaspace       used 60280K, committed 61312K, reserved 1105920K
  class space    used 5966K, committed 6336K, reserved 1048576K
}

